2020-04-28 16:45:38.154 [main] INFO  org.jeecg.JeecgApplication:50 - Starting JeecgApplication on lenovo with PID 7232 (F:\jeecg-boot\jeecg-boot\jeecg-boot-module-system\target\classes started by guoxb in F:\jeecg-boot\jeecg-boot\jeecg-boot-module-system)
2020-04-28 16:45:38.166 [main] INFO  org.jeecg.JeecgApplication:679 - The following profiles are active: prod
2020-04-28 16:45:44.417 [main] INFO  o.s.d.r.config.RepositoryConfigurationDelegate:244 - Multiple Spring Data modules found, entering strict repository configuration mode!
2020-04-28 16:45:44.426 [main] INFO  o.s.d.r.config.RepositoryConfigurationDelegate:126 - Bootstrapping Spring Data repositories in DEFAULT mode.
2020-04-28 16:45:44.739 [main] INFO  o.s.d.r.config.RepositoryConfigurationDelegate:182 - Finished Spring Data repository scanning in 276ms. Found 0 repository interfaces.
2020-04-28 16:45:46.028 [main] INFO  o.s.c.s.PostProcessorRegistrationDelegate$BeanPostProcessorChecker:330 - Bean 'shiroConfig' of type [org.jeecg.config.ShiroConfig$$EnhancerBySpringCGLIB$$1d00df9] is not eligible for getting processed by all BeanPostProcessors (for example: not eligible for auto-proxying)
2020-04-28 16:45:46.264 [main] INFO  o.s.c.s.PostProcessorRegistrationDelegate$BeanPostProcessorChecker:330 - Bean 'shiroRealm' of type [org.jeecg.modules.shiro.authc.ShiroRealm] is not eligible for getting processed by all BeanPostProcessors (for example: not eligible for auto-proxying)
2020-04-28 16:45:47.191 [main] INFO  org.jeecg.config.ShiroConfig:195 - ===============(1)创建缓存管理器RedisCacheManager
2020-04-28 16:45:47.196 [main] INFO  org.jeecg.config.ShiroConfig:213 - ===============(2)创建RedisManager,连接Redis..URL= 139.9.120.81:6379
2020-04-28 16:45:47.261 [main] INFO  o.s.c.s.PostProcessorRegistrationDelegate$BeanPostProcessorChecker:330 - Bean 'redisManager' of type [org.crazycake.shiro.RedisManager] is not eligible for getting processed by all BeanPostProcessors (for example: not eligible for auto-proxying)
2020-04-28 16:45:47.269 [main] INFO  o.s.c.s.PostProcessorRegistrationDelegate$BeanPostProcessorChecker:330 - Bean 'securityManager' of type [org.apache.shiro.web.mgt.DefaultWebSecurityManager] is not eligible for getting processed by all BeanPostProcessors (for example: not eligible for auto-proxying)
2020-04-28 16:45:47.387 [main] INFO  o.s.c.s.PostProcessorRegistrationDelegate$BeanPostProcessorChecker:330 - Bean 'authorizationAttributeSourceAdvisor' of type [org.apache.shiro.spring.security.interceptor.AuthorizationAttributeSourceAdvisor] is not eligible for getting processed by all BeanPostProcessors (for example: not eligible for auto-proxying)
2020-04-28 16:45:48.168 [main] INFO  o.s.c.s.PostProcessorRegistrationDelegate$BeanPostProcessorChecker:330 - Bean 'org.springframework.transaction.annotation.ProxyTransactionManagementConfiguration' of type [org.springframework.transaction.annotation.ProxyTransactionManagementConfiguration$$EnhancerBySpringCGLIB$$e1caa463] is not eligible for getting processed by all BeanPostProcessors (for example: not eligible for auto-proxying)
2020-04-28 16:45:50.743 [main] INFO  o.s.c.s.PostProcessorRegistrationDelegate$BeanPostProcessorChecker:330 - Bean 'spring.datasource.dynamic-com.baomidou.dynamic.datasource.spring.boot.autoconfigure.DynamicDataSourceProperties' of type [com.baomidou.dynamic.datasource.spring.boot.autoconfigure.DynamicDataSourceProperties] is not eligible for getting processed by all BeanPostProcessors (for example: not eligible for auto-proxying)
2020-04-28 16:45:50.760 [main] INFO  o.s.c.s.PostProcessorRegistrationDelegate$BeanPostProcessorChecker:330 - Bean 'com.baomidou.dynamic.datasource.spring.boot.autoconfigure.DynamicDataSourceAutoConfiguration' of type [com.baomidou.dynamic.datasource.spring.boot.autoconfigure.DynamicDataSourceAutoConfiguration$$EnhancerBySpringCGLIB$$4b591534] is not eligible for getting processed by all BeanPostProcessors (for example: not eligible for auto-proxying)
2020-04-28 16:45:50.786 [main] INFO  o.s.c.s.PostProcessorRegistrationDelegate$BeanPostProcessorChecker:330 - Bean 'dsProcessor' of type [com.baomidou.dynamic.datasource.processor.DsHeaderProcessor] is not eligible for getting processed by all BeanPostProcessors (for example: not eligible for auto-proxying)
2020-04-28 16:45:50.839 [main] INFO  o.s.c.s.PostProcessorRegistrationDelegate$BeanPostProcessorChecker:330 - Bean 'dynamicDatasourceAnnotationAdvisor' of type [com.baomidou.dynamic.datasource.aop.DynamicDataSourceAnnotationAdvisor] is not eligible for getting processed by all BeanPostProcessors (for example: not eligible for auto-proxying)
2020-04-28 16:45:50.895 [main] INFO  o.s.c.s.PostProcessorRegistrationDelegate$BeanPostProcessorChecker:330 - Bean 'spring.redis-org.springframework.boot.autoconfigure.data.redis.RedisProperties' of type [org.springframework.boot.autoconfigure.data.redis.RedisProperties] is not eligible for getting processed by all BeanPostProcessors (for example: not eligible for auto-proxying)
2020-04-28 16:45:50.917 [main] INFO  o.s.c.s.PostProcessorRegistrationDelegate$BeanPostProcessorChecker:330 - Bean 'org.springframework.boot.autoconfigure.data.redis.LettuceConnectionConfiguration' of type [org.springframework.boot.autoconfigure.data.redis.LettuceConnectionConfiguration$$EnhancerBySpringCGLIB$$f6e462ad] is not eligible for getting processed by all BeanPostProcessors (for example: not eligible for auto-proxying)
2020-04-28 16:45:57.243 [main] INFO  o.s.c.s.PostProcessorRegistrationDelegate$BeanPostProcessorChecker:330 - Bean 'lettuceClientResources' of type [io.lettuce.core.resource.DefaultClientResources] is not eligible for getting processed by all BeanPostProcessors (for example: not eligible for auto-proxying)
2020-04-28 16:45:59.544 [main] INFO  o.s.c.s.PostProcessorRegistrationDelegate$BeanPostProcessorChecker:330 - Bean 'redisConnectionFactory' of type [org.springframework.data.redis.connection.lettuce.LettuceConnectionFactory] is not eligible for getting processed by all BeanPostProcessors (for example: not eligible for auto-proxying)
2020-04-28 16:45:59.586 [main] INFO  o.s.c.s.PostProcessorRegistrationDelegate$BeanPostProcessorChecker:330 - Bean 'redisConfig' of type [org.jeecg.config.RedisConfig$$EnhancerBySpringCGLIB$$4c9e9543] is not eligible for getting processed by all BeanPostProcessors (for example: not eligible for auto-proxying)
2020-04-28 16:45:59.714 [main] INFO  o.s.c.s.PostProcessorRegistrationDelegate$BeanPostProcessorChecker:330 - Bean 'org.apache.shiro.spring.boot.autoconfigure.ShiroBeanAutoConfiguration' of type [org.apache.shiro.spring.boot.autoconfigure.ShiroBeanAutoConfiguration$$EnhancerBySpringCGLIB$$f4e38213] is not eligible for getting processed by all BeanPostProcessors (for example: not eligible for auto-proxying)
2020-04-28 16:45:59.728 [main] INFO  o.s.c.s.PostProcessorRegistrationDelegate$BeanPostProcessorChecker:330 - Bean 'eventBus' of type [org.apache.shiro.event.support.DefaultEventBus] is not eligible for getting processed by all BeanPostProcessors (for example: not eligible for auto-proxying)
2020-04-28 16:46:06.429 [main] INFO  o.s.boot.web.embedded.tomcat.TomcatWebServer:90 - Tomcat initialized with port(s): 8080 (http)
2020-04-28 16:46:06.878 [main] INFO  org.apache.coyote.http11.Http11NioProtocol:173 - Initializing ProtocolHandler ["http-nio-8080"]
2020-04-28 16:46:07.037 [main] INFO  org.apache.catalina.core.StandardService:173 - Starting service [Tomcat]
2020-04-28 16:46:07.038 [main] INFO  org.apache.catalina.core.StandardEngine:173 - Starting Servlet engine: [Apache Tomcat/9.0.16]
2020-04-28 16:46:07.213 [main] INFO  org.apache.catalina.core.AprLifecycleListener:173 - The APR based Apache Tomcat Native library which allows optimal performance in production environments was not found on the java.library.path: [C:\Program Files\Java\jdk1.8.0_201\bin;C:\Windows\Sun\Java\bin;C:\Windows\system32;C:\Windows;C:/Program Files/Java/jdk1.8.0_201/bin/../jre/bin/server;C:/Program Files/Java/jdk1.8.0_201/bin/../jre/bin;C:/Program Files/Java/jdk1.8.0_201/bin/../jre/lib/amd64;C:\Users\guoxb\bin\Sencha\Cmd\5.1.3.61;C:\Ruby193\binC:\Program Files (x86)\Intel\iCLS Client\;C:\Program Files\Intel\iCLS Client\;C:\Program Files (x86)\NVIDIA Corporation\PhysX\Common;C:\Windows\system32;C:\Windows;C:\Windows\System32\Wbem;C:\Windows\System32\WindowsPowerShell\v1.0\;C:\Program Files\Intel\WiFi\bin\;C:\Program Files\Common Files\Intel\WirelessCommon\;C:\Program Files\Intel\Intel(R) Management Engine Components\DAL;C:\Program Files\Intel\Intel(R) Management Engine Components\IPT;C:\Program Files (x86)\Intel\Intel(R) Management Engine Components\DAL;C:\Program Files (x86)\Intel\Intel(R) Management Engine Components\IPT;C:\Program Files\Microsoft SQL Server\110\Tools\Binn\;E:\php;E:\php\ext;D:\apache-maven-3.5.0\bin;C:\Program Files (x86)\Windows Kits\8.1\Windows Performance Toolkit\;C:\Program Files (x86)\TeacherAssist\dll;C:\Program Files\TortoiseSVN\bin;G:\Android\android-sdk-windows\android-sdk-windows\platform-tools;C:\Program Files\Java\jdk1.8.0_201\bin;C:\Program Files\Java\jdk1.8.0_201\jre\bin;D:\Python;C:\Program Files\Git\cmd;C:\ProgramData\chocolatey\bin;C:\Program Files (x86)\Yarn\bin;D:\nodejs\;C:\Program Files\MySQL\MySQL Server 8.0\bin;C:\Program Files\PuTTY\;D:\nodejs\node_global;C:\Users\guoxb\Desktop;;.]
2020-04-28 16:46:08.475 [main] INFO  o.a.c.c.C.[Tomcat].[localhost].[/jeecg-boot]:173 - Initializing Spring embedded WebApplicationContext
2020-04-28 16:46:08.476 [main] INFO  org.springframework.web.context.ContextLoader:296 - Root WebApplicationContext: initialization completed in 30163 ms
2020-04-28 16:46:10.986 [main] INFO  c.b.dynamic.datasource.DynamicDataSourceCreator:113 - 动态数据源-检测到druid存在,如配置中未指定type,druid会默认配置
2020-04-28 16:46:17.408 [main] INFO  com.alibaba.druid.pool.DruidDataSource:1003 - {dataSource-1,master} inited
2020-04-28 16:46:17.411 [main] INFO  c.b.dynamic.datasource.DynamicRoutingDataSource:203 - 初始共加载 1 个数据源
2020-04-28 16:46:17.412 [main] INFO  c.b.dynamic.datasource.DynamicRoutingDataSource:142 - 动态数据源-加载 master 成功
2020-04-28 16:46:17.414 [main] INFO  c.b.dynamic.datasource.DynamicRoutingDataSource:212 - 当前的默认数据源是单数据源，数据源名为 master
2020-04-28 16:46:35.707 [main] INFO  org.quartz.impl.StdSchedulerFactory:1208 - Using default implementation for ThreadExecutor
2020-04-28 16:46:35.796 [main] INFO  org.quartz.core.SchedulerSignalerImpl:61 - Initialized Scheduler Signaller of type: class org.quartz.core.SchedulerSignalerImpl
2020-04-28 16:46:35.798 [main] INFO  org.quartz.core.QuartzScheduler:229 - Quartz Scheduler v.2.3.0 created.
2020-04-28 16:46:35.806 [main] INFO  o.s.scheduling.quartz.LocalDataSourceJobStore:672 - Using db table-based data access locking (synchronization).
2020-04-28 16:46:35.810 [main] INFO  o.s.scheduling.quartz.LocalDataSourceJobStore:145 - JobStoreCMT initialized.
2020-04-28 16:46:35.812 [main] INFO  org.quartz.core.QuartzScheduler:294 - Scheduler meta-data: Quartz Scheduler (v2.3.0) 'quartzScheduler' with instanceId 'NON_CLUSTERED'
  Scheduler class: 'org.quartz.core.QuartzScheduler' - running locally.
  NOT STARTED.
  Currently in standby mode.
  Number of jobs executed: 0
  Using thread pool 'org.quartz.simpl.SimpleThreadPool' - with 10 threads.
  Using job-store 'org.springframework.scheduling.quartz.LocalDataSourceJobStore' - which supports persistence. and is not clustered.

2020-04-28 16:46:35.813 [main] INFO  org.quartz.impl.StdSchedulerFactory:1362 - Quartz scheduler 'quartzScheduler' initialized from an externally provided properties instance.
2020-04-28 16:46:35.813 [main] INFO  org.quartz.impl.StdSchedulerFactory:1366 - Quartz scheduler version: 2.3.0
2020-04-28 16:46:35.814 [main] INFO  org.quartz.core.QuartzScheduler:2287 - JobFactory set to: org.springframework.scheduling.quartz.SpringBeanJobFactory@650a0b50
2020-04-28 16:46:39.526 [main] WARN  org.jeecg.common.es.JeecgElasticsearchTemplate:61 - ElasticSearch 服务连接失败，原因：配置未通过。可能是BaseURL未配置或配置有误，也可能是Elasticsearch服务未启动。接下来将会拒绝执行任何方法！
2020-04-28 16:46:42.308 [main] INFO  o.s.b.actuate.endpoint.web.EndpointLinksResolver:59 - Exposing 2 endpoint(s) beneath base path '/actuator'
2020-04-28 16:46:42.984 [main] INFO  s.d.s.w.PropertySourcedRequestMappingHandlerMapping:69 - Mapped URL path [/v2/api-docs] onto method [public org.springframework.http.ResponseEntity<springfox.documentation.spring.web.json.Json> springfox.documentation.swagger2.web.Swagger2Controller.getDocumentation(java.lang.String,javax.servlet.http.HttpServletRequest)]
2020-04-28 16:46:45.060 [main] INFO  o.s.scheduling.concurrent.ThreadPoolTaskExecutor:171 - Initializing ExecutorService 'applicationTaskExecutor'
2020-04-28 16:46:53.641 [main] INFO  s.d.s.web.plugins.DocumentationPluginsBootstrapper:160 - Context refreshed
2020-04-28 16:46:53.974 [main] INFO  s.d.s.web.plugins.DocumentationPluginsBootstrapper:163 - Found 1 custom documentation plugin(s)
2020-04-28 16:46:54.386 [main] INFO  s.d.spring.web.scanners.ApiListingReferenceScanner:41 - Scanning for api listing references
2020-04-28 16:46:55.111 [main] INFO  s.d.s.w.r.operation.CachingOperationNameGenerator:40 - Generating unique operation named: addUsingPOST_1
2020-04-28 16:46:55.115 [main] INFO  s.d.s.w.r.operation.CachingOperationNameGenerator:40 - Generating unique operation named: deleteUsingDELETE_1
2020-04-28 16:46:55.119 [main] INFO  s.d.s.w.r.operation.CachingOperationNameGenerator:40 - Generating unique operation named: deleteBatchUsingDELETE_1
2020-04-28 16:46:55.122 [main] INFO  s.d.s.w.r.operation.CachingOperationNameGenerator:40 - Generating unique operation named: editUsingPUT_1
2020-04-28 16:46:55.126 [main] INFO  s.d.s.w.r.operation.CachingOperationNameGenerator:40 - Generating unique operation named: queryByIdUsingGET_1
2020-04-28 16:46:55.154 [main] INFO  s.d.s.w.r.operation.CachingOperationNameGenerator:40 - Generating unique operation named: addUsingPOST_2
2020-04-28 16:46:55.157 [main] INFO  s.d.s.w.r.operation.CachingOperationNameGenerator:40 - Generating unique operation named: deleteUsingDELETE_2
2020-04-28 16:46:55.160 [main] INFO  s.d.s.w.r.operation.CachingOperationNameGenerator:40 - Generating unique operation named: deleteBatchUsingDELETE_2
2020-04-28 16:46:55.164 [main] INFO  s.d.s.w.r.operation.CachingOperationNameGenerator:40 - Generating unique operation named: editUsingPUT_2
2020-04-28 16:46:55.168 [main] INFO  s.d.s.w.r.operation.CachingOperationNameGenerator:40 - Generating unique operation named: queryByIdUsingGET_2
2020-04-28 16:46:55.187 [main] INFO  s.d.s.w.r.operation.CachingOperationNameGenerator:40 - Generating unique operation named: queryPageListUsingGET_1
2020-04-28 16:46:55.290 [main] INFO  o.s.scheduling.quartz.SchedulerFactoryBean:726 - Starting Quartz Scheduler now
2020-04-28 16:46:57.044 [main] INFO  o.s.scheduling.quartz.LocalDataSourceJobStore:866 - Freed 0 triggers from 'acquired' / 'blocked' state.
2020-04-28 16:46:57.126 [main] INFO  o.s.scheduling.quartz.LocalDataSourceJobStore:876 - Recovering 0 jobs that were in-progress at the time of the last shut-down.
2020-04-28 16:46:57.126 [main] INFO  o.s.scheduling.quartz.LocalDataSourceJobStore:889 - Recovery complete.
2020-04-28 16:46:57.149 [main] INFO  o.s.scheduling.quartz.LocalDataSourceJobStore:896 - Removed 0 'complete' triggers.
2020-04-28 16:46:57.238 [main] INFO  o.s.scheduling.quartz.LocalDataSourceJobStore:901 - Removed 0 stale fired job entries.
2020-04-28 16:46:57.360 [main] INFO  org.quartz.core.QuartzScheduler:547 - Scheduler quartzScheduler_$_NON_CLUSTERED started.
2020-04-28 16:46:57.385 [main] INFO  org.apache.coyote.http11.Http11NioProtocol:173 - Starting ProtocolHandler ["http-nio-8080"]
2020-04-28 16:46:58.699 [main] INFO  o.s.boot.web.embedded.tomcat.TomcatWebServer:204 - Tomcat started on port(s): 8080 (http) with context path '/jeecg-boot'
2020-04-28 16:46:58.706 [main] INFO  org.jeecg.JeecgApplication:59 - Started JeecgApplication in 83.271 seconds (JVM running for 85.575)
2020-04-28 16:46:58.727 [main] INFO  org.jeecg.JeecgApplication:33 - 
----------------------------------------------------------
	Application Jeecg-Boot is running! Access URLs:
	Local: 		http://localhost:8080/jeecg-boot/
	External: 	http://10.10.11.153:8080/jeecg-boot/
	swagger-ui: 		http://10.10.11.153:8080/jeecg-boot/doc.html
----------------------------------------------------------
2020-04-28 16:58:22.550 [http-nio-8080-exec-1] INFO  o.a.c.c.C.[Tomcat].[localhost].[/jeecg-boot]:173 - Initializing Spring DispatcherServlet 'dispatcherServlet'
2020-04-28 16:58:22.612 [http-nio-8080-exec-1] INFO  org.springframework.web.servlet.DispatcherServlet:524 - Initializing Servlet 'dispatcherServlet'
2020-04-28 16:58:22.768 [http-nio-8080-exec-1] INFO  org.springframework.web.servlet.DispatcherServlet:546 - Completed initialization in 155 ms
2020-04-28 16:58:23.601 [http-nio-8080-exec-1] INFO  io.lettuce.core.EpollProvider:68 - Starting without optional epoll library
2020-04-28 16:58:23.604 [http-nio-8080-exec-1] INFO  io.lettuce.core.KqueueProvider:70 - Starting without optional kqueue library
2020-04-28 16:58:34.080 [http-nio-8080-exec-3] INFO  org.jeecg.modules.shiro.authc.ShiroRealm:118 - ———校验token是否有效————checkUserTokenIsEffect——————— eyJ0eXAiOiJKV1QiLCJhbGciOiJIUzI1NiJ9.eyJleHAiOjE1ODgwNjYxMTMsInVzZXJuYW1lIjoieXRhZG1pbiJ9.3N6LaDbtXoNnMDcmQI6D8VfAb7d7gKjGDVej6Q2Ozeo
2020-04-28 16:58:34.267 [http-nio-8080-exec-3] INFO  o.j.m.system.controller.SysPermissionController:182 -  ------ 通过令牌获取用户拥有的访问菜单 ---- TOKEN ------ eyJ0eXAiOiJKV1QiLCJhbGciOiJIUzI1NiJ9.eyJleHAiOjE1ODgwNjYxMTMsInVzZXJuYW1lIjoieXRhZG1pbiJ9.3N6LaDbtXoNnMDcmQI6D8VfAb7d7gKjGDVej6Q2Ozeo
2020-04-28 16:58:35.821 [http-nio-8080-exec-7] ERROR o.jeecg.common.system.controller.CommonController:119 - 预览图片失败\opt\jeecg-boot\upload\null (系统找不到指定的路径。)
2020-04-28 16:58:35.830 [http-nio-8080-exec-4] INFO  org.jeecg.modules.message.websocket.WebSocket:41 - 【websocket消息】有新的连接，总数为:1
2020-04-28 16:58:36.110 [http-nio-8080-exec-5] INFO  org.jeecg.modules.shiro.authc.ShiroRealm:118 - ———校验token是否有效————checkUserTokenIsEffect——————— eyJ0eXAiOiJKV1QiLCJhbGciOiJIUzI1NiJ9.eyJleHAiOjE1ODgwNjYxMTMsInVzZXJuYW1lIjoieXRhZG1pbiJ9.3N6LaDbtXoNnMDcmQI6D8VfAb7d7gKjGDVej6Q2Ozeo
2020-04-28 16:58:36.195 [http-nio-8080-exec-8] INFO  org.jeecg.modules.shiro.authc.ShiroRealm:118 - ———校验token是否有效————checkUserTokenIsEffect——————— eyJ0eXAiOiJKV1QiLCJhbGciOiJIUzI1NiJ9.eyJleHAiOjE1ODgwNjYxMTMsInVzZXJuYW1lIjoieXRhZG1pbiJ9.3N6LaDbtXoNnMDcmQI6D8VfAb7d7gKjGDVej6Q2Ozeo
2020-04-28 16:58:36.195 [http-nio-8080-exec-6] INFO  org.jeecg.modules.shiro.authc.ShiroRealm:118 - ———校验token是否有效————checkUserTokenIsEffect——————— eyJ0eXAiOiJKV1QiLCJhbGciOiJIUzI1NiJ9.eyJleHAiOjE1ODgwNjYxMTMsInVzZXJuYW1lIjoieXRhZG1pbiJ9.3N6LaDbtXoNnMDcmQI6D8VfAb7d7gKjGDVej6Q2Ozeo
2020-04-28 16:58:40.623 [http-nio-8080-exec-9] INFO  org.jeecg.modules.shiro.authc.ShiroRealm:118 - ———校验token是否有效————checkUserTokenIsEffect——————— eyJ0eXAiOiJKV1QiLCJhbGciOiJIUzI1NiJ9.eyJleHAiOjE1ODgwNjYxMTMsInVzZXJuYW1lIjoieXRhZG1pbiJ9.3N6LaDbtXoNnMDcmQI6D8VfAb7d7gKjGDVej6Q2Ozeo
2020-04-28 16:58:41.270 [http-nio-8080-exec-10] INFO  org.jeecg.modules.shiro.authc.ShiroRealm:118 - ———校验token是否有效————checkUserTokenIsEffect——————— eyJ0eXAiOiJKV1QiLCJhbGciOiJIUzI1NiJ9.eyJleHAiOjE1ODgwNjYxMTMsInVzZXJuYW1lIjoieXRhZG1pbiJ9.3N6LaDbtXoNnMDcmQI6D8VfAb7d7gKjGDVej6Q2Ozeo
2020-04-28 16:58:47.314 [http-nio-8080-exec-1] INFO  org.jeecg.modules.shiro.authc.ShiroRealm:118 - ———校验token是否有效————checkUserTokenIsEffect——————— eyJ0eXAiOiJKV1QiLCJhbGciOiJIUzI1NiJ9.eyJleHAiOjE1ODgwNjYxMTMsInVzZXJuYW1lIjoieXRhZG1pbiJ9.3N6LaDbtXoNnMDcmQI6D8VfAb7d7gKjGDVej6Q2Ozeo
2020-04-28 16:58:48.326 [http-nio-8080-exec-2] INFO  org.jeecg.modules.shiro.authc.ShiroRealm:118 - ———校验token是否有效————checkUserTokenIsEffect——————— eyJ0eXAiOiJKV1QiLCJhbGciOiJIUzI1NiJ9.eyJleHAiOjE1ODgwNjYxMTMsInVzZXJuYW1lIjoieXRhZG1pbiJ9.3N6LaDbtXoNnMDcmQI6D8VfAb7d7gKjGDVej6Q2Ozeo
2020-04-28 16:58:50.050 [http-nio-8080-exec-3] INFO  org.jeecg.modules.shiro.authc.ShiroRealm:118 - ———校验token是否有效————checkUserTokenIsEffect——————— eyJ0eXAiOiJKV1QiLCJhbGciOiJIUzI1NiJ9.eyJleHAiOjE1ODgwNjYxMTMsInVzZXJuYW1lIjoieXRhZG1pbiJ9.3N6LaDbtXoNnMDcmQI6D8VfAb7d7gKjGDVej6Q2Ozeo
2020-04-28 16:59:03.013 [http-nio-8080-exec-5] INFO  org.jeecg.modules.shiro.authc.ShiroRealm:118 - ———校验token是否有效————checkUserTokenIsEffect——————— eyJ0eXAiOiJKV1QiLCJhbGciOiJIUzI1NiJ9.eyJleHAiOjE1ODgwNjYxMTMsInVzZXJuYW1lIjoieXRhZG1pbiJ9.3N6LaDbtXoNnMDcmQI6D8VfAb7d7gKjGDVej6Q2Ozeo
2020-04-28 16:59:03.530 [http-nio-8080-exec-5] INFO  o.j.modules.system.service.impl.SysDictServiceImpl:65 - 无缓存dictText的时候调用这里！
2020-04-28 16:59:04.050 [http-nio-8080-exec-5] INFO  o.j.modules.system.service.impl.SysDictServiceImpl:65 - 无缓存dictText的时候调用这里！
2020-04-28 16:59:04.519 [http-nio-8080-exec-5] INFO  o.j.modules.system.service.impl.SysDictServiceImpl:65 - 无缓存dictText的时候调用这里！
2020-04-28 16:59:04.873 [http-nio-8080-exec-5] INFO  o.j.modules.system.service.impl.SysDictServiceImpl:65 - 无缓存dictText的时候调用这里！
2020-04-28 16:59:15.386 [http-nio-8080-exec-8] INFO  org.jeecg.modules.shiro.authc.ShiroRealm:118 - ———校验token是否有效————checkUserTokenIsEffect——————— eyJ0eXAiOiJKV1QiLCJhbGciOiJIUzI1NiJ9.eyJleHAiOjE1ODgwNjYxMTMsInVzZXJuYW1lIjoieXRhZG1pbiJ9.3N6LaDbtXoNnMDcmQI6D8VfAb7d7gKjGDVej6Q2Ozeo
2020-04-28 16:59:17.152 [http-nio-8080-exec-10] INFO  org.jeecg.modules.shiro.authc.ShiroRealm:118 - ———校验token是否有效————checkUserTokenIsEffect——————— eyJ0eXAiOiJKV1QiLCJhbGciOiJIUzI1NiJ9.eyJleHAiOjE1ODgwNjYxMTMsInVzZXJuYW1lIjoieXRhZG1pbiJ9.3N6LaDbtXoNnMDcmQI6D8VfAb7d7gKjGDVej6Q2Ozeo
2020-04-28 16:59:25.958 [http-nio-8080-exec-1] INFO  org.jeecg.modules.shiro.authc.ShiroRealm:118 - ———校验token是否有效————checkUserTokenIsEffect——————— eyJ0eXAiOiJKV1QiLCJhbGciOiJIUzI1NiJ9.eyJleHAiOjE1ODgwNjYxMTMsInVzZXJuYW1lIjoieXRhZG1pbiJ9.3N6LaDbtXoNnMDcmQI6D8VfAb7d7gKjGDVej6Q2Ozeo
2020-04-28 16:59:29.673 [http-nio-8080-exec-2] INFO  org.jeecg.modules.shiro.authc.ShiroRealm:118 - ———校验token是否有效————checkUserTokenIsEffect——————— eyJ0eXAiOiJKV1QiLCJhbGciOiJIUzI1NiJ9.eyJleHAiOjE1ODgwNjYxMTMsInVzZXJuYW1lIjoieXRhZG1pbiJ9.3N6LaDbtXoNnMDcmQI6D8VfAb7d7gKjGDVej6Q2Ozeo
2020-04-28 16:59:34.011 [http-nio-8080-exec-3] INFO  o.jeecg.modules.system.controller.LoginController:117 -  用户名:  系统管理员,退出成功！ 
2020-04-28 16:59:34.223 [http-nio-8080-exec-7] INFO  org.jeecg.modules.message.websocket.WebSocket:50 - 【websocket消息】连接断开，总数为:0
2020-04-28 16:59:43.898 [http-nio-8080-exec-9] INFO  org.jeecg.modules.shiro.authc.ShiroRealm:118 - ———校验token是否有效————checkUserTokenIsEffect——————— eyJ0eXAiOiJKV1QiLCJhbGciOiJIUzI1NiJ9.eyJleHAiOjE1ODgwNjYxODMsInVzZXJuYW1lIjoiYWRtaW4ifQ.suFSBrL3ihIpiobdjG9H5zy-M02bMYFtvNb_q0P0EeA
2020-04-28 16:59:44.307 [http-nio-8080-exec-9] INFO  o.j.m.system.controller.SysPermissionController:182 -  ------ 通过令牌获取用户拥有的访问菜单 ---- TOKEN ------ eyJ0eXAiOiJKV1QiLCJhbGciOiJIUzI1NiJ9.eyJleHAiOjE1ODgwNjYxODMsInVzZXJuYW1lIjoiYWRtaW4ifQ.suFSBrL3ihIpiobdjG9H5zy-M02bMYFtvNb_q0P0EeA
2020-04-28 16:59:45.297 [http-nio-8080-exec-6] INFO  org.jeecg.modules.message.websocket.WebSocket:41 - 【websocket消息】有新的连接，总数为:1
2020-04-28 16:59:45.356 [http-nio-8080-exec-10] ERROR o.jeecg.common.system.controller.CommonController:119 - 预览图片失败\opt\jeecg-boot\upload (系统找不到指定的路径。)
2020-04-28 16:59:45.657 [http-nio-8080-exec-1] INFO  org.jeecg.modules.shiro.authc.ShiroRealm:118 - ———校验token是否有效————checkUserTokenIsEffect——————— eyJ0eXAiOiJKV1QiLCJhbGciOiJIUzI1NiJ9.eyJleHAiOjE1ODgwNjYxODMsInVzZXJuYW1lIjoiYWRtaW4ifQ.suFSBrL3ihIpiobdjG9H5zy-M02bMYFtvNb_q0P0EeA
2020-04-28 16:59:45.786 [http-nio-8080-exec-3] INFO  org.jeecg.modules.shiro.authc.ShiroRealm:118 - ———校验token是否有效————checkUserTokenIsEffect——————— eyJ0eXAiOiJKV1QiLCJhbGciOiJIUzI1NiJ9.eyJleHAiOjE1ODgwNjYxODMsInVzZXJuYW1lIjoiYWRtaW4ifQ.suFSBrL3ihIpiobdjG9H5zy-M02bMYFtvNb_q0P0EeA
2020-04-28 16:59:45.786 [http-nio-8080-exec-2] INFO  org.jeecg.modules.shiro.authc.ShiroRealm:118 - ———校验token是否有效————checkUserTokenIsEffect——————— eyJ0eXAiOiJKV1QiLCJhbGciOiJIUzI1NiJ9.eyJleHAiOjE1ODgwNjYxODMsInVzZXJuYW1lIjoiYWRtaW4ifQ.suFSBrL3ihIpiobdjG9H5zy-M02bMYFtvNb_q0P0EeA
2020-04-28 16:59:49.892 [http-nio-8080-exec-7] INFO  org.jeecg.modules.shiro.authc.ShiroRealm:118 - ———校验token是否有效————checkUserTokenIsEffect——————— eyJ0eXAiOiJKV1QiLCJhbGciOiJIUzI1NiJ9.eyJleHAiOjE1ODgwNjYxODMsInVzZXJuYW1lIjoiYWRtaW4ifQ.suFSBrL3ihIpiobdjG9H5zy-M02bMYFtvNb_q0P0EeA
2020-04-28 16:59:52.185 [http-nio-8080-exec-4] INFO  org.jeecg.modules.shiro.authc.ShiroRealm:118 - ———校验token是否有效————checkUserTokenIsEffect——————— eyJ0eXAiOiJKV1QiLCJhbGciOiJIUzI1NiJ9.eyJleHAiOjE1ODgwNjYxODMsInVzZXJuYW1lIjoiYWRtaW4ifQ.suFSBrL3ihIpiobdjG9H5zy-M02bMYFtvNb_q0P0EeA
2020-04-28 16:59:52.282 [http-nio-8080-exec-4] INFO  o.j.modules.system.controller.SysDictController:130 -  dictCode : msgType
2020-04-28 16:59:52.425 [http-nio-8080-exec-4] INFO  o.j.modules.system.service.impl.SysDictServiceImpl:51 - 无缓存dictCache的时候调用这里！
2020-04-28 16:59:52.611 [http-nio-8080-exec-4] INFO  o.j.modules.system.controller.SysDictController:163 - Result(success=true, message=操作成功！, code=0, result=[DictModel(value=4, text=系统), DictModel(value=1, text=短信), DictModel(value=2, text=邮件), DictModel(value=3, text=微信)], timestamp=1588064392283)
2020-04-28 17:00:03.783 [http-nio-8080-exec-5] INFO  org.jeecg.modules.shiro.authc.ShiroRealm:118 - ———校验token是否有效————checkUserTokenIsEffect——————— eyJ0eXAiOiJKV1QiLCJhbGciOiJIUzI1NiJ9.eyJleHAiOjE1ODgwNjYxODMsInVzZXJuYW1lIjoiYWRtaW4ifQ.suFSBrL3ihIpiobdjG9H5zy-M02bMYFtvNb_q0P0EeA
2020-04-28 17:00:05.574 [http-nio-8080-exec-8] INFO  org.jeecg.modules.shiro.authc.ShiroRealm:118 - ———校验token是否有效————checkUserTokenIsEffect——————— eyJ0eXAiOiJKV1QiLCJhbGciOiJIUzI1NiJ9.eyJleHAiOjE1ODgwNjYxODMsInVzZXJuYW1lIjoiYWRtaW4ifQ.suFSBrL3ihIpiobdjG9H5zy-M02bMYFtvNb_q0P0EeA
2020-04-28 17:00:20.029 [http-nio-8080-exec-10] INFO  org.jeecg.modules.shiro.authc.ShiroRealm:118 - ———校验token是否有效————checkUserTokenIsEffect——————— eyJ0eXAiOiJKV1QiLCJhbGciOiJIUzI1NiJ9.eyJleHAiOjE1ODgwNjYxODMsInVzZXJuYW1lIjoiYWRtaW4ifQ.suFSBrL3ihIpiobdjG9H5zy-M02bMYFtvNb_q0P0EeA
2020-04-28 17:00:33.752 [http-nio-8080-exec-3] INFO  org.jeecg.modules.shiro.authc.ShiroRealm:118 - ———校验token是否有效————checkUserTokenIsEffect——————— eyJ0eXAiOiJKV1QiLCJhbGciOiJIUzI1NiJ9.eyJleHAiOjE1ODgwNjYxODMsInVzZXJuYW1lIjoiYWRtaW4ifQ.suFSBrL3ihIpiobdjG9H5zy-M02bMYFtvNb_q0P0EeA
2020-04-28 17:00:44.425 [http-nio-8080-exec-7] INFO  org.jeecg.modules.shiro.authc.ShiroRealm:118 - ———校验token是否有效————checkUserTokenIsEffect——————— eyJ0eXAiOiJKV1QiLCJhbGciOiJIUzI1NiJ9.eyJleHAiOjE1ODgwNjYxODMsInVzZXJuYW1lIjoiYWRtaW4ifQ.suFSBrL3ihIpiobdjG9H5zy-M02bMYFtvNb_q0P0EeA
2020-04-28 17:00:48.804 [http-nio-8080-exec-9] INFO  org.jeecg.modules.shiro.authc.ShiroRealm:118 - ———校验token是否有效————checkUserTokenIsEffect——————— eyJ0eXAiOiJKV1QiLCJhbGciOiJIUzI1NiJ9.eyJleHAiOjE1ODgwNjYxODMsInVzZXJuYW1lIjoiYWRtaW4ifQ.suFSBrL3ihIpiobdjG9H5zy-M02bMYFtvNb_q0P0EeA
2020-04-28 17:01:07.684 [http-nio-8080-exec-2] INFO  org.jeecg.modules.shiro.authc.ShiroRealm:118 - ———校验token是否有效————checkUserTokenIsEffect——————— eyJ0eXAiOiJKV1QiLCJhbGciOiJIUzI1NiJ9.eyJleHAiOjE1ODgwNjYxODMsInVzZXJuYW1lIjoiYWRtaW4ifQ.suFSBrL3ihIpiobdjG9H5zy-M02bMYFtvNb_q0P0EeA
2020-04-28 17:01:08.068 [http-nio-8080-exec-2] INFO  o.j.modules.system.service.impl.SysDictServiceImpl:65 - 无缓存dictText的时候调用这里！
2020-04-28 17:01:08.438 [http-nio-8080-exec-2] INFO  o.j.modules.system.service.impl.SysDictServiceImpl:65 - 无缓存dictText的时候调用这里！
2020-04-28 17:01:10.028 [http-nio-8080-exec-1] INFO  org.jeecg.modules.shiro.authc.ShiroRealm:118 - ———校验token是否有效————checkUserTokenIsEffect——————— eyJ0eXAiOiJKV1QiLCJhbGciOiJIUzI1NiJ9.eyJleHAiOjE1ODgwNjYxODMsInVzZXJuYW1lIjoiYWRtaW4ifQ.suFSBrL3ihIpiobdjG9H5zy-M02bMYFtvNb_q0P0EeA
2020-04-28 17:01:12.744 [http-nio-8080-exec-1] INFO  o.j.m.system.controller.SysAnnouncementController:96 - 查询当前页：1
2020-04-28 17:01:12.747 [http-nio-8080-exec-1] INFO  o.j.m.system.controller.SysAnnouncementController:97 - 查询当前页数量：10
2020-04-28 17:01:12.750 [http-nio-8080-exec-1] INFO  o.j.m.system.controller.SysAnnouncementController:98 - 查询结果数量：2
2020-04-28 17:01:12.752 [http-nio-8080-exec-1] INFO  o.j.m.system.controller.SysAnnouncementController:99 - 数据总数：2
2020-04-28 17:01:14.686 [http-nio-8080-exec-1] INFO  o.j.modules.system.service.impl.SysDictServiceImpl:65 - 无缓存dictText的时候调用这里！
2020-04-28 17:01:15.793 [http-nio-8080-exec-1] INFO  o.j.modules.system.service.impl.SysDictServiceImpl:65 - 无缓存dictText的时候调用这里！
2020-04-28 17:01:16.073 [http-nio-8080-exec-1] INFO  o.j.modules.system.service.impl.SysDictServiceImpl:65 - 无缓存dictText的时候调用这里！
2020-04-28 17:01:16.449 [http-nio-8080-exec-1] INFO  o.j.modules.system.service.impl.SysDictServiceImpl:65 - 无缓存dictText的时候调用这里！
2020-04-28 17:01:18.024 [http-nio-8080-exec-3] INFO  org.jeecg.modules.shiro.authc.ShiroRealm:118 - ———校验token是否有效————checkUserTokenIsEffect——————— eyJ0eXAiOiJKV1QiLCJhbGciOiJIUzI1NiJ9.eyJleHAiOjE1ODgwNjYxODMsInVzZXJuYW1lIjoiYWRtaW4ifQ.suFSBrL3ihIpiobdjG9H5zy-M02bMYFtvNb_q0P0EeA
2020-04-28 17:01:18.373 [http-nio-8080-exec-3] INFO  o.j.modules.system.service.impl.SysDictServiceImpl:65 - 无缓存dictText的时候调用这里！
2020-04-28 17:01:18.650 [http-nio-8080-exec-3] INFO  o.j.modules.system.service.impl.SysDictServiceImpl:65 - 无缓存dictText的时候调用这里！
2020-04-28 17:01:34.153 [http-nio-8080-exec-5] INFO  o.jeecg.modules.system.controller.LoginController:117 -  用户名:  管理员,退出成功！ 
2020-04-28 17:01:34.341 [http-nio-8080-exec-7] INFO  org.jeecg.modules.message.websocket.WebSocket:50 - 【websocket消息】连接断开，总数为:0
2020-04-28 17:01:40.232 [http-nio-8080-exec-8] INFO  org.jeecg.modules.shiro.authc.ShiroRealm:118 - ———校验token是否有效————checkUserTokenIsEffect——————— eyJ0eXAiOiJKV1QiLCJhbGciOiJIUzI1NiJ9.eyJleHAiOjE1ODgwNjYzMDAsInVzZXJuYW1lIjoieXRhZG1pbiJ9.N6ZmqCrdMFyaXZLuUDQREq51ObIcauVX0hRKFenoW6g
2020-04-28 17:01:40.571 [http-nio-8080-exec-8] INFO  o.j.m.system.controller.SysPermissionController:182 -  ------ 通过令牌获取用户拥有的访问菜单 ---- TOKEN ------ eyJ0eXAiOiJKV1QiLCJhbGciOiJIUzI1NiJ9.eyJleHAiOjE1ODgwNjYzMDAsInVzZXJuYW1lIjoieXRhZG1pbiJ9.N6ZmqCrdMFyaXZLuUDQREq51ObIcauVX0hRKFenoW6g
2020-04-28 17:01:41.288 [http-nio-8080-exec-2] INFO  org.jeecg.modules.message.websocket.WebSocket:41 - 【websocket消息】有新的连接，总数为:1
2020-04-28 17:01:41.324 [http-nio-8080-exec-1] ERROR o.jeecg.common.system.controller.CommonController:119 - 预览图片失败\opt\jeecg-boot\upload\null (系统找不到指定的路径。)
2020-04-28 17:01:41.389 [http-nio-8080-exec-3] INFO  org.jeecg.modules.shiro.authc.ShiroRealm:118 - ———校验token是否有效————checkUserTokenIsEffect——————— eyJ0eXAiOiJKV1QiLCJhbGciOiJIUzI1NiJ9.eyJleHAiOjE1ODgwNjYzMDAsInVzZXJuYW1lIjoieXRhZG1pbiJ9.N6ZmqCrdMFyaXZLuUDQREq51ObIcauVX0hRKFenoW6g
2020-04-28 17:01:41.389 [http-nio-8080-exec-6] INFO  org.jeecg.modules.shiro.authc.ShiroRealm:118 - ———校验token是否有效————checkUserTokenIsEffect——————— eyJ0eXAiOiJKV1QiLCJhbGciOiJIUzI1NiJ9.eyJleHAiOjE1ODgwNjYzMDAsInVzZXJuYW1lIjoieXRhZG1pbiJ9.N6ZmqCrdMFyaXZLuUDQREq51ObIcauVX0hRKFenoW6g
2020-04-28 17:01:41.396 [http-nio-8080-exec-4] INFO  org.jeecg.modules.shiro.authc.ShiroRealm:118 - ———校验token是否有效————checkUserTokenIsEffect——————— eyJ0eXAiOiJKV1QiLCJhbGciOiJIUzI1NiJ9.eyJleHAiOjE1ODgwNjYzMDAsInVzZXJuYW1lIjoieXRhZG1pbiJ9.N6ZmqCrdMFyaXZLuUDQREq51ObIcauVX0hRKFenoW6g
2020-04-28 17:01:49.874 [http-nio-8080-exec-5] INFO  org.jeecg.modules.shiro.authc.ShiroRealm:118 - ———校验token是否有效————checkUserTokenIsEffect——————— eyJ0eXAiOiJKV1QiLCJhbGciOiJIUzI1NiJ9.eyJleHAiOjE1ODgwNjYzMDAsInVzZXJuYW1lIjoieXRhZG1pbiJ9.N6ZmqCrdMFyaXZLuUDQREq51ObIcauVX0hRKFenoW6g
2020-04-28 17:01:50.000 [http-nio-8080-exec-5] INFO  o.j.m.system.controller.SysAnnouncementController:96 - 查询当前页：1
2020-04-28 17:01:50.002 [http-nio-8080-exec-5] INFO  o.j.m.system.controller.SysAnnouncementController:97 - 查询当前页数量：10
2020-04-28 17:01:50.002 [http-nio-8080-exec-5] INFO  o.j.m.system.controller.SysAnnouncementController:98 - 查询结果数量：2
2020-04-28 17:01:50.003 [http-nio-8080-exec-5] INFO  o.j.m.system.controller.SysAnnouncementController:99 - 数据总数：2
2020-04-28 17:01:52.617 [http-nio-8080-exec-7] INFO  org.jeecg.modules.shiro.authc.ShiroRealm:118 - ———校验token是否有效————checkUserTokenIsEffect——————— eyJ0eXAiOiJKV1QiLCJhbGciOiJIUzI1NiJ9.eyJleHAiOjE1ODgwNjYzMDAsInVzZXJuYW1lIjoieXRhZG1pbiJ9.N6ZmqCrdMFyaXZLuUDQREq51ObIcauVX0hRKFenoW6g
2020-04-28 17:01:52.947 [http-nio-8080-exec-7] INFO  org.jeecg.common.system.query.QueryGenerator:389 - --查询规则-->username != admin
2020-04-28 17:02:36.795 [http-nio-8080-exec-1] INFO  org.jeecg.modules.shiro.authc.ShiroRealm:118 - ———校验token是否有效————checkUserTokenIsEffect——————— eyJ0eXAiOiJKV1QiLCJhbGciOiJIUzI1NiJ9.eyJleHAiOjE1ODgwNjYzMDAsInVzZXJuYW1lIjoieXRhZG1pbiJ9.N6ZmqCrdMFyaXZLuUDQREq51ObIcauVX0hRKFenoW6g
2020-04-28 17:02:41.007 [http-nio-8080-exec-6] INFO  org.jeecg.modules.shiro.authc.ShiroRealm:118 - ———校验token是否有效————checkUserTokenIsEffect——————— eyJ0eXAiOiJKV1QiLCJhbGciOiJIUzI1NiJ9.eyJleHAiOjE1ODgwNjYzMDAsInVzZXJuYW1lIjoieXRhZG1pbiJ9.N6ZmqCrdMFyaXZLuUDQREq51ObIcauVX0hRKFenoW6g
2020-04-28 17:02:42.536 [http-nio-8080-exec-6] INFO  o.j.modules.system.service.impl.AutoPoiDictService:58 - ---AutoPoi--Get_DB_Dict------[员级_1, 助级_2, 中级_3, 副高级_4, 正高级_5]
2020-04-28 17:03:33.625 [http-nio-8080-exec-8] INFO  org.jeecg.modules.message.websocket.WebSocket:50 - 【websocket消息】连接断开，总数为:0
